 2025-01-15 16:00:31,341 - INFO -  -----------------------------------------------------------
 2025-01-15 16:00:31,341 - INFO -  ------- Lancement du programme ----------------------------
 2025-01-15 16:00:31,689 - INFO -  Rclone is installed
 2025-01-15 16:00:31,986 - DEBUG -  Using proactor: IocpProactor
 2025-01-15 16:00:36,338 - INFO -  Choix dans le menu:  Remotes existants 
 2025-01-15 16:00:36,346 - DEBUG -  Using proactor: IocpProactor
 2025-01-15 16:00:38,623 - INFO -  Choix dans le menu:  Exit 
 2025-01-15 16:02:29,444 - INFO -  -----------------------------------------------------------
 2025-01-15 16:02:29,444 - INFO -  ------- Lancement du programme ----------------------------
 2025-01-15 16:02:29,664 - INFO -  Rclone is installed
 2025-01-15 16:02:29,950 - DEBUG -  Using proactor: IocpProactor
 2025-01-15 16:02:34,621 - INFO -  Choix dans le menu:  Remotes existants 
 2025-01-15 16:02:34,885 - INFO -  Remotes existants:  ['Zaclys:'] 
 2025-01-15 16:02:34,890 - DEBUG -  Using proactor: IocpProactor
 2025-01-15 16:06:42,434 - INFO -  Choix dans le menu:  Exit 
 2025-01-15 16:07:51,918 - INFO -  -----------------------------------------------------------
 2025-01-15 16:07:51,919 - INFO -  ------- Lancement du programme ----------------------------
 2025-01-15 16:07:52,129 - INFO -  Rclone is installed
 2025-01-15 16:07:52,389 - DEBUG -  Using proactor: IocpProactor
 2025-01-15 16:07:55,614 - INFO -  Choix dans le menu:  Remotes existants 
 2025-01-15 16:07:55,857 - INFO -  Remotes existants:  ['Zaclys:'] 
 2025-01-15 16:07:55,989 - DEBUG -  Using proactor: IocpProactor
 2025-01-15 16:08:09,962 - INFO -  Choix dans le menu:  Exit 
 2025-01-15 16:14:13,559 - INFO -  -----------------------------------------------------------
 2025-01-15 16:14:13,559 - INFO -  ------- Lancement du programme ----------------------------
 2025-01-15 16:14:13,763 - INFO -  Rclone is installed
 2025-01-15 16:14:14,021 - DEBUG -  Using proactor: IocpProactor
 2025-01-15 16:14:18,054 - INFO -  Choix dans le menu:  Remotes existants 
 2025-01-15 16:14:18,288 - INFO -  Remotes existants:  ['Zaclys:', 'OneDrive:'] 
 2025-01-15 16:14:18,401 - DEBUG -  Using proactor: IocpProactor
 2025-01-15 16:16:42,256 - INFO -  Choix dans le menu:  Exit 
 2025-01-16 16:38:52,545 - INFO -  -----------------------------------------------------------
 2025-01-16 16:38:52,547 - INFO -  ------- Lancement du programme ----------------------------
 2025-01-16 16:38:53,173 - INFO -  Rclone is installed
 2025-01-16 16:38:53,625 - DEBUG -  Using proactor: IocpProactor
 2025-01-16 16:39:32,621 - INFO -  Choix dans le menu:  Exit 
 2025-01-16 16:41:08,204 - INFO -  -----------------------------------------------------------
 2025-01-16 16:41:08,204 - INFO -  ------- Lancement du programme ----------------------------
 2025-01-16 16:41:09,200 - DEBUG -  Using proactor: IocpProactor
 2025-01-16 16:42:42,306 - INFO -  Choix dans le menu:  Exit 
 2025-01-16 16:42:44,867 - INFO -  -----------------------------------------------------------
 2025-01-16 16:42:44,868 - INFO -  ------- Lancement du programme ----------------------------
 2025-01-16 16:42:45,347 - INFO -  Rclone is installed, version: v1.68.2
 2025-01-16 16:42:45,661 - DEBUG -  Using proactor: IocpProactor
 2025-01-16 16:42:52,319 - INFO -  Choix dans le menu:  Exit 
